<?xml version="1.0" encoding="UTF-8"?>
<testng-results ignored="0" total="2" passed="2" failed="0" skipped="0">
  <reporter-output>
  </reporter-output>
  <suite started-at="2025-02-12T19:14:26 IST" name="Default suite" finished-at="2025-02-12T19:14:55 IST" duration-ms="29058">
    <groups>
    </groups>
    <test started-at="2025-02-12T19:14:26 IST" name="Default test" finished-at="2025-02-12T19:14:55 IST" duration-ms="29058">
      <class name="com.TestNG.TestNGExample">
        <test-method signature="TestFacebook()[pri:0, instance:com.TestNG.TestNGExample@9225652]" started-at="2025-02-12T19:14:26 IST" name="TestFacebook" finished-at="2025-02-12T19:14:46 IST" duration-ms="19634" status="PASS">
          <reporter-output>
          </reporter-output>
        </test-method> <!-- TestFacebook -->
        <test-method signature="TestHdfc()[pri:0, instance:com.TestNG.TestNGExample@9225652]" started-at="2025-02-12T19:14:46 IST" name="TestHdfc" finished-at="2025-02-12T19:14:55 IST" duration-ms="9359" status="PASS">
          <reporter-output>
          </reporter-output>
        </test-method> <!-- TestHdfc -->
      </class> <!-- com.TestNG.TestNGExample -->
    </test> <!-- Default test -->
  </suite> <!-- Default suite -->
</testng-results>
